[00:10:44] start...
[00:10:44] None.\tloos.json.\count.iniNone0
[00:10:44] True
[00:10:44] read json ok
[00:10:44] {'count': {'DEBUG': True, 'myname': '我', 'laowang': '???'}, 'root': ['laowang:你还好吗？', 'myname:这是哪？', 'laowang:这在医院，对了！你叫什么？', {'input': {'text': '你的名字', 'run': {'count': {'myname': 'input'}}}}, 'myname:我叫{myname}。', {'button': {'num': 1, 'text': ['你的名字呢？'], 'commnd': {'run': {'looptext': '我叫老王。', 'run': {'count': {'myname': '老王'}}}}}}, {'bigtext': '完'}, 'end']}
[00:10:44] True
[00:10:44] read json ok
[00:10:44] {'count': {'DEBUG': True, 'myname': '我', 'laowang': '???'}, 'root': ['laowang:你还好吗？', 'myname:这是哪？', 'laowang:这在医院，对了！你叫什么？', {'input': {'text': '你的名字', 'run': {'count': {'myname': 'input'}}}}, 'myname:我叫{myname}。', {'button': {'num': 1, 'text': ['你的名字呢？'], 'commnd': {'run': {'looptext': '我叫老王。', 'run': {'count': {'myname': '老王'}}}}}}, {'bigtext': '完'}, 'end']}
[00:10:44] init...ok
[00:10:44] loop...ok
[00:10:54] start...
[00:10:54] None.\tloos.json.\count.iniNone0
[00:10:54] True
[00:10:54] read json ok
[00:10:54] {'count': {'DEBUG': True, 'myname': '我', 'laowang': '???'}, 'root': ['laowang:你还好吗？', 'myname:这是哪？', 'laowang:这在医院，对了！你叫什么？', {'input': {'text': '你的名字', 'run': {'count': {'myname': 'input'}}}}, 'myname:我叫{myname}。', {'button': {'num': 1, 'text': ['你的名字呢？'], 'commnd': {'run': {'looptext': '我叫老王。', 'run': {'count': {'myname': '老王'}}}}}}, {'bigtext': '完'}, 'end']}
[00:10:54] True
[00:10:54] read json ok
[00:10:54] {'count': {'DEBUG': True, 'myname': '我', 'laowang': '???'}, 'root': ['laowang:你还好吗？', 'myname:这是哪？', 'laowang:这在医院，对了！你叫什么？', {'input': {'text': '你的名字', 'run': {'count': {'myname': 'input'}}}}, 'myname:我叫{myname}。', {'button': {'num': 1, 'text': ['你的名字呢？'], 'commnd': {'run': {'looptext': '我叫老王。', 'run': {'count': {'myname': '老王'}}}}}}, {'bigtext': '完'}, 'end']}
[00:10:54] init...ok
[00:10:54] loop...ok
[00:11:08] start...
[00:11:08] None.\tloos.json.\count.iniNone0
[00:11:08] True
[00:11:08] read json ok
[00:11:08] {'count': {'DEBUG': True, 'myname': '我', 'laowang': '???'}, 'root': ['laowang:你还好吗？', 'myname:这是哪？', 'laowang:这在医院，对了！你叫什么？', {'input': {'text': '你的名字', 'run': {'count': {'myname': 'input'}}}}, 'myname:我叫{myname}。', {'button': {'num': 1, 'text': ['你的名字呢？'], 'commnd': {'run': {'looptext': '我叫老王。', 'run': {'count': {'myname': '老王'}}}}}}, {'bigtext': '完'}, 'end']}
[00:11:08] True
[00:11:08] read json ok
[00:11:08] {'count': {'DEBUG': True, 'myname': '我', 'laowang': '???'}, 'root': ['laowang:你还好吗？', 'myname:这是哪？', 'laowang:这在医院，对了！你叫什么？', {'input': {'text': '你的名字', 'run': {'count': {'myname': 'input'}}}}, 'myname:我叫{myname}。', {'button': {'num': 1, 'text': ['你的名字呢？'], 'commnd': {'run': {'looptext': '我叫老王。', 'run': {'count': {'myname': '老王'}}}}}}, {'bigtext': '完'}, 'end']}
[00:11:08] init...ok
[00:11:08] loop...ok
[00:11:53] start...
[00:11:53] None.\tloos.json.\count.iniNone0
[00:11:53] True
[00:11:53] read json ok
[00:11:53] {'count': {'DEBUG': True, 'myname': '我', 'laowang': '???'}, 'root': ['laowang:你还好吗？', 'myname:这是哪？', 'laowang:这在医院，对了！你叫什么？', {'input': {'text': '你的名字', 'run': {'count': {'myname': 'input'}}}}, 'myname:我叫{myname}。', {'button': {'num': 1, 'text': ['你的名字呢？'], 'commnd': {'run': {'looptext': '我叫老王。', 'run': {'count': {'myname': '老王'}}}}}}, {'bigtext': '完'}, 'end']}
[00:11:53] True
[00:11:53] read json ok
[00:11:53] {'count': {'DEBUG': True, 'myname': '我', 'laowang': '???'}, 'root': ['laowang:你还好吗？', 'myname:这是哪？', 'laowang:这在医院，对了！你叫什么？', {'input': {'text': '你的名字', 'run': {'count': {'myname': 'input'}}}}, 'myname:我叫{myname}。', {'button': {'num': 1, 'text': ['你的名字呢？'], 'commnd': {'run': {'looptext': '我叫老王。', 'run': {'count': {'myname': '老王'}}}}}}, {'bigtext': '完'}, 'end']}
[00:11:53] init...ok
[00:11:53] loop...ok
[00:12:11] start...
[00:12:11] None.\tloos.json.\count.iniNone0
[00:12:11] True
[00:12:11] read json ok
[00:12:11] {'count': {'DEBUG': True, 'myname': '我', 'laowang': '???'}, 'root': ['laowang:你还好吗？', 'myname:这是哪？', 'laowang:这在医院，对了！你叫什么？', {'input': {'text': '你的名字', 'run': {'count': {'myname': 'input'}}}}, 'myname:我叫{myname}。', {'button': {'num': 1, 'text': ['你的名字呢？'], 'commnd': {'run': {'looptext': '我叫老王。', 'run': {'count': {'myname': '老王'}}}}}}, {'bigtext': '完'}, 'end']}
[00:12:11] True
[00:12:11] read json ok
[00:12:11] {'count': {'DEBUG': True, 'myname': '我', 'laowang': '???'}, 'root': ['laowang:你还好吗？', 'myname:这是哪？', 'laowang:这在医院，对了！你叫什么？', {'input': {'text': '你的名字', 'run': {'count': {'myname': 'input'}}}}, 'myname:我叫{myname}。', {'button': {'num': 1, 'text': ['你的名字呢？'], 'commnd': {'run': {'looptext': '我叫老王。', 'run': {'count': {'myname': '老王'}}}}}}, {'bigtext': '完'}, 'end']}
[00:12:11] init...ok
[00:12:11] loop...ok
[00:12:35] start...
[00:12:35] None.\tloos.json.\count.iniNone0
[00:12:35] True
[00:12:35] read json ok
[00:12:35] {'count': {'DEBUG': True, 'myname': '我', 'laowang': '???'}, 'root': ['laowang:你还好吗？', 'myname:这是哪？', 'laowang:这在医院，对了！你叫什么？', {'input': {'text': '你的名字', 'run': {'count': {'myname': 'input'}}}}, 'myname:我叫{myname}。', {'button': {'num': 1, 'text': ['你的名字呢？'], 'commnd': {'run': {'looptext': '我叫老王。', 'run': {'count': {'myname': '老王'}}}}}}, {'bigtext': '完'}, 'end']}
[00:12:35] True
[00:12:35] read json ok
[00:12:35] {'count': {'DEBUG': True, 'myname': '我', 'laowang': '???'}, 'root': ['laowang:你还好吗？', 'myname:这是哪？', 'laowang:这在医院，对了！你叫什么？', {'input': {'text': '你的名字', 'run': {'count': {'myname': 'input'}}}}, 'myname:我叫{myname}。', {'button': {'num': 1, 'text': ['你的名字呢？'], 'commnd': {'run': {'looptext': '我叫老王。', 'run': {'count': {'myname': '老王'}}}}}}, {'bigtext': '完'}, 'end']}
[00:12:35] init...ok
[00:12:35] loop...ok
[00:12:57] start...
[00:12:57] None.\tloos.json.\count.iniNone0
[00:12:57] True
[00:12:57] read json ok
[00:12:57] {'count': {'DEBUG': True, 'myname': '我', 'laowang': '???'}, 'root': ['laowang:你还好吗？', 'myname:这是哪？', 'laowang:这在医院，对了！你叫什么？', {'input': {'text': '你的名字', 'run': {'count': {'myname': 'input'}}}}, 'myname:我叫{myname}。', {'button': {'num': 1, 'text': ['你的名字呢？'], 'commnd': {'run': {'looptext': '我叫老王。', 'run': {'count': {'myname': '老王'}}}}}}, {'bigtext': '完'}, 'end']}
[00:13:05] start...
[00:13:05] None.\tloos.json.\count.iniNone0
[00:13:05] True
[00:13:05] read json ok
[00:13:05] {'count': {'DEBUG': True, 'myname': '我', 'laowang': '???'}, 'root': ['laowang:你还好吗？', 'myname:这是哪？', 'laowang:这在医院，对了！你叫什么？', {'input': {'text': '你的名字', 'run': {'count': {'myname': 'input'}}}}, 'myname:我叫{myname}。', {'button': {'num': 1, 'text': ['你的名字呢？'], 'commnd': {'run': {'looptext': '我叫老王。', 'run': {'count': {'myname': '老王'}}}}}}, {'bigtext': '完'}, 'end']}
[00:13:05] True
[00:13:05] read json ok
[00:13:05] {'count': {'DEBUG': True, 'myname': '我', 'laowang': '???'}, 'root': ['laowang:你还好吗？', 'myname:这是哪？', 'laowang:这在医院，对了！你叫什么？', {'input': {'text': '你的名字', 'run': {'count': {'myname': 'input'}}}}, 'myname:我叫{myname}。', {'button': {'num': 1, 'text': ['你的名字呢？'], 'commnd': {'run': {'looptext': '我叫老王。', 'run': {'count': {'myname': '老王'}}}}}}, {'bigtext': '完'}, 'end']}
[00:13:05] init...ok
[00:13:05] loop...ok
[00:13:17] start...
[00:13:17] None.\tloos.json.\count.iniNone0
[00:13:17] True
[00:13:17] read json ok
[00:13:17] {'count': {'DEBUG': True, 'myname': '我', 'laowang': '???'}, 'root': ['laowang:你还好吗？', 'myname:这是哪？', 'laowang:这在医院，对了！你叫什么？', {'input': {'text': '你的名字', 'run': {'count': {'myname': 'input'}}}}, 'myname:我叫{myname}。', {'button': {'num': 1, 'text': ['你的名字呢？'], 'commnd': {'run': {'looptext': '我叫老王。', 'run': {'count': {'myname': '老王'}}}}}}, {'bigtext': '完'}, 'end']}
[00:13:17] True
[00:13:17] read json ok
[00:13:17] {'count': {'DEBUG': True, 'myname': '我', 'laowang': '???'}, 'root': ['laowang:你还好吗？', 'myname:这是哪？', 'laowang:这在医院，对了！你叫什么？', {'input': {'text': '你的名字', 'run': {'count': {'myname': 'input'}}}}, 'myname:我叫{myname}。', {'button': {'num': 1, 'text': ['你的名字呢？'], 'commnd': {'run': {'looptext': '我叫老王。', 'run': {'count': {'myname': '老王'}}}}}}, {'bigtext': '完'}, 'end']}
[00:13:17] init...ok
[00:13:17] loop...ok
[00:13:25] start...
[00:13:25] None.\tloos.json.\count.iniNone0
[00:13:25] True
[00:13:25] read json ok
[00:13:25] {'count': {'DEBUG': True, 'myname': '我', 'laowang': '???'}, 'root': ['laowang:你还好吗？', 'myname:这是哪？', 'laowang:这在医院，对了！你叫什么？', {'input': {'text': '你的名字', 'run': {'count': {'myname': 'input'}}}}, 'myname:我叫{myname}。', {'button': {'num': 1, 'text': ['你的名字呢？'], 'commnd': {'run': {'looptext': '我叫老王。', 'run': {'count': {'myname': '老王'}}}}}}, {'bigtext': '完'}, 'end']}
[00:13:25] True
[00:13:25] read json ok
[00:13:25] {'count': {'DEBUG': True, 'myname': '我', 'laowang': '???'}, 'root': ['laowang:你还好吗？', 'myname:这是哪？', 'laowang:这在医院，对了！你叫什么？', {'input': {'text': '你的名字', 'run': {'count': {'myname': 'input'}}}}, 'myname:我叫{myname}。', {'button': {'num': 1, 'text': ['你的名字呢？'], 'commnd': {'run': {'looptext': '我叫老王。', 'run': {'count': {'myname': '老王'}}}}}}, {'bigtext': '完'}, 'end']}
[00:13:25] init...ok
[00:13:25] loop...ok
[00:14:15] start...
[00:14:15] None.\tloos.json.\count.iniNone0
[00:14:15] True
[00:14:15] read json ok
[00:14:15] {'count': {'DEBUG': True, 'myname': '我', 'laowang': '???'}, 'root': ['laowang:你还好吗？', 'myname:这是哪？', 'laowang:这在医院，对了！你叫什么？', {'input': {'text': '你的名字', 'run': {'count': {'myname': 'input'}}}}, 'myname:我叫{myname}。', {'button': {'num': 1, 'text': ['你的名字呢？'], 'commnd': {'run': {'looptext': '我叫老王。', 'run': {'count': {'myname': '老王'}}}}}}, {'bigtext': '完'}, 'end']}
[00:14:15] True
[00:14:15] read json ok
[00:14:15] {'count': {'DEBUG': True, 'myname': '我', 'laowang': '???'}, 'root': ['laowang:你还好吗？', 'myname:这是哪？', 'laowang:这在医院，对了！你叫什么？', {'input': {'text': '你的名字', 'run': {'count': {'myname': 'input'}}}}, 'myname:我叫{myname}。', {'button': {'num': 1, 'text': ['你的名字呢？'], 'commnd': {'run': {'looptext': '我叫老王。', 'run': {'count': {'myname': '老王'}}}}}}, {'bigtext': '完'}, 'end']}
[00:14:15] init...ok
[00:14:15] loop...ok
[00:14:57] start...
[00:14:57] None.\tloos.json.\count.iniNone0
[00:14:57] True
[00:14:57] read json ok
[00:14:57] {'count': {'DEBUG': True, 'myname': '我', 'laowang': '???'}, 'root': ['laowang:你还好吗？', 'myname:这是哪？', 'laowang:这在医院，对了！你叫什么？', {'input': {'text': '你的名字', 'run': {'count': {'myname': 'input'}}}}, 'myname:我叫{myname}。', {'button': {'num': 1, 'text': ['你的名字呢？'], 'commnd': {'run': {'looptext': '我叫老王。', 'run': {'count': {'myname': '老王'}}}}}}, {'bigtext': '完'}, 'end']}
[00:14:57] True
[00:14:57] read json ok
[00:14:57] {'count': {'DEBUG': True, 'myname': '我', 'laowang': '???'}, 'root': ['laowang:你还好吗？', 'myname:这是哪？', 'laowang:这在医院，对了！你叫什么？', {'input': {'text': '你的名字', 'run': {'count': {'myname': 'input'}}}}, 'myname:我叫{myname}。', {'button': {'num': 1, 'text': ['你的名字呢？'], 'commnd': {'run': {'looptext': '我叫老王。', 'run': {'count': {'myname': '老王'}}}}}}, {'bigtext': '完'}, 'end']}
[00:14:57] init...ok
[00:14:57] loop...ok
[00:15:01] Up
[00:15:02] not UP
[00:15:03] Down
[00:15:03] 1
[00:15:12] start...
[00:15:12] None.\tloos.json.\count.iniNone0
[00:15:12] True
[00:15:12] read json ok
[00:15:12] {'count': {'DEBUG': True, 'myname': '我', 'laowang': '???'}, 'root': ['laowang:你还好吗？', 'myname:这是哪？', 'laowang:这在医院，对了！你叫什么？', {'input': {'text': '你的名字', 'run': {'count': {'myname': 'input'}}}}, 'myname:我叫{myname}。', {'button': {'num': 1, 'text': ['你的名字呢？'], 'commnd': {'run': {'looptext': '我叫老王。', 'run': {'count': {'myname': '老王'}}}}}}, {'bigtext': '完'}, 'end']}
[00:15:12] True
[00:15:12] read json ok
[00:15:12] {'count': {'DEBUG': True, 'myname': '我', 'laowang': '???'}, 'root': ['laowang:你还好吗？', 'myname:这是哪？', 'laowang:这在医院，对了！你叫什么？', {'input': {'text': '你的名字', 'run': {'count': {'myname': 'input'}}}}, 'myname:我叫{myname}。', {'button': {'num': 1, 'text': ['你的名字呢？'], 'commnd': {'run': {'looptext': '我叫老王。', 'run': {'count': {'myname': '老王'}}}}}}, {'bigtext': '完'}, 'end']}
[00:15:12] init...ok
[00:15:12] loop...ok
[00:16:05] start...
[00:16:05] None.\tloos.json.\count.iniNone0
[00:16:05] True
[00:16:05] read json ok
[00:16:05] {'count': {'DEBUG': True, 'myname': '我', 'laowang': '???'}, 'root': ['laowang:你还好吗？', 'myname:这是哪？', 'laowang:这在医院，对了！你叫什么？', {'input': {'text': '你的名字', 'run': {'count': {'myname': 'input'}}}}, 'myname:我叫{myname}。', {'button': {'num': 1, 'text': ['你的名字呢？'], 'commnd': {'run': {'looptext': '我叫老王。', 'run': {'count': {'myname': '老王'}}}}}}, {'bigtext': '完'}, 'end']}
[00:16:06] True
[00:16:06] read json ok
[00:16:06] {'count': {'DEBUG': True, 'myname': '我', 'laowang': '???'}, 'root': ['laowang:你还好吗？', 'myname:这是哪？', 'laowang:这在医院，对了！你叫什么？', {'input': {'text': '你的名字', 'run': {'count': {'myname': 'input'}}}}, 'myname:我叫{myname}。', {'button': {'num': 1, 'text': ['你的名字呢？'], 'commnd': {'run': {'looptext': '我叫老王。', 'run': {'count': {'myname': '老王'}}}}}}, {'bigtext': '完'}, 'end']}
[00:16:06] init...ok
[00:16:06] loop...ok
[00:16:21] start...
[00:16:21] None.\tloos.json.\count.iniNone0
[00:16:21] True
[00:16:21] read json ok
[00:16:21] {'count': {'DEBUG': True, 'myname': '我', 'laowang': '???'}, 'root': ['laowang:你还好吗？', 'myname:这是哪？', 'laowang:这在医院，对了！你叫什么？', {'input': {'text': '你的名字', 'run': {'count': {'myname': 'input'}}}}, 'myname:我叫{myname}。', {'button': {'num': 1, 'text': ['你的名字呢？'], 'commnd': {'run': {'looptext': '我叫老王。', 'run': {'count': {'myname': '老王'}}}}}}, {'bigtext': '完'}, 'end']}
[00:16:21] True
[00:16:21] read json ok
[00:16:21] {'count': {'DEBUG': True, 'myname': '我', 'laowang': '???'}, 'root': ['laowang:你还好吗？', 'myname:这是哪？', 'laowang:这在医院，对了！你叫什么？', {'input': {'text': '你的名字', 'run': {'count': {'myname': 'input'}}}}, 'myname:我叫{myname}。', {'button': {'num': 1, 'text': ['你的名字呢？'], 'commnd': {'run': {'looptext': '我叫老王。', 'run': {'count': {'myname': '老王'}}}}}}, {'bigtext': '完'}, 'end']}
[00:16:21] init...ok
[00:16:21] loop...ok
[00:16:28] start...
[00:16:28] None.\tloos.json.\count.iniNone0
[00:16:28] True
[00:16:28] read json ok
[00:16:28] {'count': {'DEBUG': True, 'myname': '我', 'laowang': '???'}, 'root': ['laowang:你还好吗？', 'myname:这是哪？', 'laowang:这在医院，对了！你叫什么？', {'input': {'text': '你的名字', 'run': {'count': {'myname': 'input'}}}}, 'myname:我叫{myname}。', {'button': {'num': 1, 'text': ['你的名字呢？'], 'commnd': {'run': {'looptext': '我叫老王。', 'run': {'count': {'myname': '老王'}}}}}}, {'bigtext': '完'}, 'end']}
[00:16:28] True
[00:16:28] read json ok
[00:16:28] {'count': {'DEBUG': True, 'myname': '我', 'laowang': '???'}, 'root': ['laowang:你还好吗？', 'myname:这是哪？', 'laowang:这在医院，对了！你叫什么？', {'input': {'text': '你的名字', 'run': {'count': {'myname': 'input'}}}}, 'myname:我叫{myname}。', {'button': {'num': 1, 'text': ['你的名字呢？'], 'commnd': {'run': {'looptext': '我叫老王。', 'run': {'count': {'myname': '老王'}}}}}}, {'bigtext': '完'}, 'end']}
[00:16:28] init...ok
[00:16:28] loop...ok
[00:16:47] start...
[00:16:47] None.\tloos.json.\count.iniNone0
[00:16:47] True
[00:16:47] read json ok
[00:16:47] {'count': {'DEBUG': True, 'myname': '我', 'laowang': '???'}, 'root': ['laowang:你还好吗？', 'myname:这是哪？', 'laowang:这在医院，对了！你叫什么？', {'input': {'text': '你的名字', 'run': {'count': {'myname': 'input'}}}}, 'myname:我叫{myname}。', {'button': {'num': 1, 'text': ['你的名字呢？'], 'commnd': {'run': {'looptext': '我叫老王。', 'run': {'count': {'myname': '老王'}}}}}}, {'bigtext': '完'}, 'end']}
[00:17:00] start...
[00:17:00] None.\tloos.json.\count.iniNone0
[00:17:00] True
[00:17:00] read json ok
[00:17:00] {'count': {'DEBUG': True, 'myname': '我', 'laowang': '???'}, 'root': ['laowang:你还好吗？', 'myname:这是哪？', 'laowang:这在医院，对了！你叫什么？', {'input': {'text': '你的名字', 'run': {'count': {'myname': 'input'}}}}, 'myname:我叫{myname}。', {'button': {'num': 1, 'text': ['你的名字呢？'], 'commnd': {'run': {'looptext': '我叫老王。', 'run': {'count': {'myname': '老王'}}}}}}, {'bigtext': '完'}, 'end']}
[00:17:16] start...
[00:17:16] None.\tloos.json.\count.iniNone0
[00:17:16] True
[00:17:16] read json ok
[00:17:16] {'count': {'DEBUG': True, 'myname': '我', 'laowang': '???'}, 'root': ['laowang:你还好吗？', 'myname:这是哪？', 'laowang:这在医院，对了！你叫什么？', {'input': {'text': '你的名字', 'run': {'count': {'myname': 'input'}}}}, 'myname:我叫{myname}。', {'button': {'num': 1, 'text': ['你的名字呢？'], 'commnd': {'run': {'looptext': '我叫老王。', 'run': {'count': {'myname': '老王'}}}}}}, {'bigtext': '完'}, 'end']}
[00:17:16] True
[00:17:16] read json ok
[00:17:16] {'count': {'DEBUG': True, 'myname': '我', 'laowang': '???'}, 'root': ['laowang:你还好吗？', 'myname:这是哪？', 'laowang:这在医院，对了！你叫什么？', {'input': {'text': '你的名字', 'run': {'count': {'myname': 'input'}}}}, 'myname:我叫{myname}。', {'button': {'num': 1, 'text': ['你的名字呢？'], 'commnd': {'run': {'looptext': '我叫老王。', 'run': {'count': {'myname': '老王'}}}}}}, {'bigtext': '完'}, 'end']}
[00:17:16] init...ok
[00:17:16] loop...ok
[00:17:49] start...
[00:17:49] None.\tloos.json.\count.iniNone0
[00:17:49] True
[00:17:49] read json ok
[00:17:49] {'count': {'DEBUG': True, 'myname': '我', 'laowang': '???'}, 'root': ['laowang:你还好吗？', 'myname:这是哪？', 'laowang:这在医院，对了！你叫什么？', {'input': {'text': '你的名字', 'run': {'count': {'myname': 'input'}}}}, 'myname:我叫{myname}。', {'button': {'num': 1, 'text': ['你的名字呢？'], 'commnd': {'run': {'looptext': '我叫老王。', 'run': {'count': {'myname': '老王'}}}}}}, {'bigtext': '完'}, 'end']}
[00:17:49] True
[00:17:49] read json ok
[00:17:49] {'count': {'DEBUG': True, 'myname': '我', 'laowang': '???'}, 'root': ['laowang:你还好吗？', 'myname:这是哪？', 'laowang:这在医院，对了！你叫什么？', {'input': {'text': '你的名字', 'run': {'count': {'myname': 'input'}}}}, 'myname:我叫{myname}。', {'button': {'num': 1, 'text': ['你的名字呢？'], 'commnd': {'run': {'looptext': '我叫老王。', 'run': {'count': {'myname': '老王'}}}}}}, {'bigtext': '完'}, 'end']}
[00:17:49] init...ok
[00:17:49] loop...ok
[00:17:59] start...
[00:17:59] None.\tloos.json.\count.iniNone0
[00:17:59] True
[00:17:59] read json ok
[00:17:59] {'count': {'DEBUG': True, 'myname': '我', 'laowang': '???'}, 'root': ['laowang:你还好吗？', 'myname:这是哪？', 'laowang:这在医院，对了！你叫什么？', {'input': {'text': '你的名字', 'run': {'count': {'myname': 'input'}}}}, 'myname:我叫{myname}。', {'button': {'num': 1, 'text': ['你的名字呢？'], 'commnd': {'run': {'looptext': '我叫老王。', 'run': {'count': {'myname': '老王'}}}}}}, {'bigtext': '完'}, 'end']}
[00:18:14] start...
[00:18:14] None.\tloos.json.\count.iniNone0
[00:18:14] True
[00:18:14] read json ok
[00:18:14] {'count': {'DEBUG': True, 'myname': '我', 'laowang': '???'}, 'root': ['laowang:你还好吗？', 'myname:这是哪？', 'laowang:这在医院，对了！你叫什么？', {'input': {'text': '你的名字', 'run': {'count': {'myname': 'input'}}}}, 'myname:我叫{myname}。', {'button': {'num': 1, 'text': ['你的名字呢？'], 'commnd': {'run': {'looptext': '我叫老王。', 'run': {'count': {'myname': '老王'}}}}}}, {'bigtext': '完'}, 'end']}
[00:18:14] True
[00:18:14] read json ok
[00:18:14] {'count': {'DEBUG': True, 'myname': '我', 'laowang': '???'}, 'root': ['laowang:你还好吗？', 'myname:这是哪？', 'laowang:这在医院，对了！你叫什么？', {'input': {'text': '你的名字', 'run': {'count': {'myname': 'input'}}}}, 'myname:我叫{myname}。', {'button': {'num': 1, 'text': ['你的名字呢？'], 'commnd': {'run': {'looptext': '我叫老王。', 'run': {'count': {'myname': '老王'}}}}}}, {'bigtext': '完'}, 'end']}
[00:18:14] init...ok
[00:18:14] loop...ok
[00:18:29] start...
[00:18:29] None.\tloos.json.\count.iniNone0
[00:18:29] True
[00:18:29] read json ok
[00:18:29] {'count': {'DEBUG': True, 'myname': '我', 'laowang': '???'}, 'root': ['laowang:你还好吗？', 'myname:这是哪？', 'laowang:这在医院，对了！你叫什么？', {'input': {'text': '你的名字', 'run': {'count': {'myname': 'input'}}}}, 'myname:我叫{myname}。', {'button': {'num': 1, 'text': ['你的名字呢？'], 'commnd': {'run': {'looptext': '我叫老王。', 'run': {'count': {'myname': '老王'}}}}}}, {'bigtext': '完'}, 'end']}
[00:18:36] start...
[00:18:36] None.\tloos.json.\count.iniNone0
[00:18:36] True
[00:18:36] read json ok
[00:18:36] {'count': {'DEBUG': True, 'myname': '我', 'laowang': '???'}, 'root': ['laowang:你还好吗？', 'myname:这是哪？', 'laowang:这在医院，对了！你叫什么？', {'input': {'text': '你的名字', 'run': {'count': {'myname': 'input'}}}}, 'myname:我叫{myname}。', {'button': {'num': 1, 'text': ['你的名字呢？'], 'commnd': {'run': {'looptext': '我叫老王。', 'run': {'count': {'myname': '老王'}}}}}}, {'bigtext': '完'}, 'end']}
[00:18:36] True
[00:18:36] read json ok
[00:18:36] {'count': {'DEBUG': True, 'myname': '我', 'laowang': '???'}, 'root': ['laowang:你还好吗？', 'myname:这是哪？', 'laowang:这在医院，对了！你叫什么？', {'input': {'text': '你的名字', 'run': {'count': {'myname': 'input'}}}}, 'myname:我叫{myname}。', {'button': {'num': 1, 'text': ['你的名字呢？'], 'commnd': {'run': {'looptext': '我叫老王。', 'run': {'count': {'myname': '老王'}}}}}}, {'bigtext': '完'}, 'end']}
[00:18:36] init...ok
[00:18:36] loop...ok
